2025-07-28 10:59:33,614 [INFO] LogOutputStream:77 - [STDOUT_REDIRECT] 
2025-07-28 10:59:34,248 [ERROR] ConfigurationRetriever:142 - IOException on connection: Connect timed out
2025-07-28 10:59:34,251 [ERROR] ConfigurationRetriever:142 - IOException on connection: No route to host: getsockopt
2025-07-28 10:59:35,549 [INFO] ProjectBuilder:5496 - Time for Generating toolchain IDE Files: 2681mS.
2025-07-28 10:59:35,552 [INFO] ProjectBuilder:3463 - Time for Copy CMSIS : 2mS.
2025-07-28 10:59:35,568 [INFO] ProjectBuilder:3463 - Time for Copy CMSIS : 0mS.
2025-07-28 10:59:51,234 [INFO] WebApp:191 - Connection restablished
2025-07-28 11:16:38,815 [INFO] WebApp:194 - Connection lost
2025-07-28 11:16:39,044 [INFO] WebApp:191 - Connection restablished
2025-07-28 11:22:19,813 [INFO] WebApp:194 - Connection lost
2025-07-28 11:22:20,004 [INFO] WebApp:191 - Connection restablished
2025-07-28 11:22:29,830 [INFO] WebApp:194 - Connection lost
2025-07-28 11:22:29,978 [INFO] WebApp:191 - Connection restablished
2025-07-28 11:22:47,819 [INFO] WebApp:194 - Connection lost
2025-07-28 11:22:48,027 [INFO] WebApp:191 - Connection restablished
2025-07-28 11:23:13,819 [INFO] WebApp:194 - Connection lost
2025-07-28 11:23:13,963 [INFO] WebApp:191 - Connection restablished
2025-07-28 11:24:06,323 [INFO] WebApp:194 - Connection lost
2025-07-28 11:24:06,523 [INFO] WebApp:191 - Connection restablished
2025-07-28 11:25:58,816 [INFO] WebApp:194 - Connection lost
2025-07-28 11:25:59,021 [INFO] WebApp:191 - Connection restablished
2025-07-28 11:26:02,824 [INFO] WebApp:194 - Connection lost
2025-07-28 11:26:02,986 [INFO] WebApp:191 - Connection restablished
2025-07-28 11:27:24,808 [INFO] WebApp:194 - Connection lost
2025-07-28 11:27:25,015 [INFO] WebApp:191 - Connection restablished
2025-07-28 11:32:27,176 [WARN] IP:2250 - I2C_Coeff_DF not found: check if there is a RefParameter without a condition.
2025-07-28 11:32:27,177 [WARN] IP:2250 - Analog_Filter not found: check if there is a RefParameter without a condition.
2025-07-28 11:32:27,177 [WARN] IP:2250 - I2C_Coeff_DF not found: check if there is a RefParameter without a condition.
2025-07-28 11:32:27,177 [WARN] IP:2250 - Analog_Filter not found: check if there is a RefParameter without a condition.
2025-07-28 11:32:27,180 [WARN] IP:2250 - I2C_Coeff_DF not found: check if there is a RefParameter without a condition.
2025-07-28 11:32:27,180 [WARN] IP:2250 - Analog_Filter not found: check if there is a RefParameter without a condition.
2025-07-28 11:32:27,180 [WARN] IP:2250 - I2C_Coeff_DF not found: check if there is a RefParameter without a condition.
2025-07-28 11:32:27,181 [WARN] IP:2250 - Analog_Filter not found: check if there is a RefParameter without a condition.
2025-07-28 11:32:37,873 [WARN] IP:2250 - I2C_Coeff_DF not found: check if there is a RefParameter without a condition.
2025-07-28 11:32:37,873 [WARN] IP:2250 - Analog_Filter not found: check if there is a RefParameter without a condition.
2025-07-28 11:32:37,874 [WARN] IP:2250 - I2C_Coeff_DF not found: check if there is a RefParameter without a condition.
2025-07-28 11:32:37,874 [WARN] IP:2250 - Analog_Filter not found: check if there is a RefParameter without a condition.
2025-07-28 11:32:37,876 [WARN] IP:2250 - I2C_Coeff_DF not found: check if there is a RefParameter without a condition.
2025-07-28 11:32:37,876 [WARN] IP:2250 - Analog_Filter not found: check if there is a RefParameter without a condition.
2025-07-28 11:32:37,876 [WARN] IP:2250 - I2C_Coeff_DF not found: check if there is a RefParameter without a condition.
2025-07-28 11:32:37,876 [WARN] IP:2250 - Analog_Filter not found: check if there is a RefParameter without a condition.
2025-07-28 11:41:23,955 [INFO] UtilMem:75 - End SaveConfig() Used Memory: 506249576 Bytes (707788800)
2025-07-28 11:41:26,342 [INFO] UtilMem:75 - End SaveConfig() Used Memory: 533105584 Bytes (707788800)
2025-07-28 11:41:26,597 [INFO] UtilMem:75 - End SaveConfig() Used Memory: 609651632 Bytes (707788800)
2025-07-28 11:41:29,546 [INFO] BlockDiagram:2775 - set Specific Code input for plugin: SPI
2025-07-28 11:41:29,546 [INFO] BlockDiagram:2775 - set Specific Code input for plugin: FREERTOS
2025-07-28 11:41:29,547 [INFO] BlockDiagram:2775 - set Specific Code input for plugin: SYS
2025-07-28 11:41:29,547 [INFO] BlockDiagram:2775 - set Specific Code input for plugin: RCC
2025-07-28 11:41:29,547 [INFO] BlockDiagram:2775 - set Specific Code input for plugin: I2C
2025-07-28 11:41:29,547 [INFO] BlockDiagram:2775 - set Specific Code input for plugin: I2C
2025-07-28 11:41:29,547 [INFO] BlockDiagram:2775 - set Specific Code input for plugin: RTC
2025-07-28 11:41:29,547 [INFO] BlockDiagram:2775 - set Specific Code input for plugin: NVIC
2025-07-28 11:41:29,547 [INFO] BlockDiagram:2775 - set Specific Code input for plugin: USART
2025-07-28 11:41:29,547 [INFO] BlockDiagram:2775 - set Specific Code input for plugin: USART
2025-07-28 11:41:29,547 [INFO] BlockDiagram:2775 - set Specific Code input for plugin: GPIO
2025-07-28 11:41:29,547 [INFO] BlockDiagram:2775 - set Specific Code input for plugin: FATFS
2025-07-28 11:41:29,550 [INFO] CodeGenerator:892 - code generatio: config db path: C:\ST\STM32CubeIDE_1.19.0\STM32CubeIDE\plugins\com.st.stm32cube.common.mx_6.15.0.202507011659\\db\
2025-07-28 11:41:29,557 [WARN] IP:2250 - I2C_Coeff_DF not found: check if there is a RefParameter without a condition.
2025-07-28 11:41:29,557 [WARN] IP:2250 - Analog_Filter not found: check if there is a RefParameter without a condition.
2025-07-28 11:41:29,558 [WARN] IP:2250 - I2C_Coeff_DF not found: check if there is a RefParameter without a condition.
2025-07-28 11:41:29,559 [WARN] IP:2250 - Analog_Filter not found: check if there is a RefParameter without a condition.
2025-07-28 11:41:29,662 [INFO] CodeEngine:265 - oldGeneratedFile, C:\Users\91916\Desktop\STM-IoTHub\STM-IoTHub\MXTmpFiles\license.tmp_save
2025-07-28 11:41:29,935 [INFO] CodeEngine:289 - Generated code: C:\Users\91916\Desktop\STM-IoTHub\STM-IoTHub\MXTmpFiles\license.tmp
2025-07-28 11:41:29,979 [INFO] CodeEngine:265 - oldGeneratedFile, C:\Users\91916\Desktop\STM-IoTHub\STM-IoTHub\MXTmpFiles\gpio.tmp_save
2025-07-28 11:41:30,126 [INFO] CodeEngine:289 - Generated code: C:\Users\91916\Desktop\STM-IoTHub\STM-IoTHub\MXTmpFiles\gpio.tmp
2025-07-28 11:41:30,484 [INFO] Middleware:1452 - No code input for Bsp Dependency
2025-07-28 11:41:30,495 [INFO] CodeEngine:265 - oldGeneratedFile, C:\Users\91916\Desktop\STM-IoTHub\STM-IoTHub\MXTmpFiles\rtos_inc.tmp_save
2025-07-28 11:41:30,596 [INFO] CodeEngine:289 - Generated code: C:\Users\91916\Desktop\STM-IoTHub\STM-IoTHub\MXTmpFiles\rtos_inc.tmp
2025-07-28 11:41:30,604 [INFO] CodeEngine:265 - oldGeneratedFile, C:\Users\91916\Desktop\STM-IoTHub\STM-IoTHub\MXTmpFiles\rtos_kernelInit.tmp_save
2025-07-28 11:41:30,688 [INFO] CodeEngine:289 - Generated code: C:\Users\91916\Desktop\STM-IoTHub\STM-IoTHub\MXTmpFiles\rtos_kernelInit.tmp
2025-07-28 11:41:30,696 [INFO] CodeEngine:265 - oldGeneratedFile, C:\Users\91916\Desktop\STM-IoTHub\STM-IoTHub\MXTmpFiles\rtos_kernelStart.tmp_save
2025-07-28 11:41:30,787 [INFO] CodeEngine:289 - Generated code: C:\Users\91916\Desktop\STM-IoTHub\STM-IoTHub\MXTmpFiles\rtos_kernelStart.tmp
2025-07-28 11:41:30,794 [INFO] CodeEngine:265 - oldGeneratedFile, C:\Users\91916\Desktop\STM-IoTHub\STM-IoTHub\MXTmpFiles\rtos_typedefs.tmp_save
2025-07-28 11:41:30,871 [INFO] CodeEngine:289 - Generated code: C:\Users\91916\Desktop\STM-IoTHub\STM-IoTHub\MXTmpFiles\rtos_typedefs.tmp
2025-07-28 11:41:30,878 [INFO] CodeEngine:265 - oldGeneratedFile, C:\Users\91916\Desktop\STM-IoTHub\STM-IoTHub\MXTmpFiles\rtos_vars.tmp_save
2025-07-28 11:41:30,959 [INFO] CodeEngine:289 - Generated code: C:\Users\91916\Desktop\STM-IoTHub\STM-IoTHub\MXTmpFiles\rtos_vars.tmp
2025-07-28 11:41:30,970 [INFO] CodeEngine:265 - oldGeneratedFile, C:\Users\91916\Desktop\STM-IoTHub\STM-IoTHub\MXTmpFiles\rtos_pfp.tmp_save
2025-07-28 11:41:31,073 [INFO] CodeEngine:289 - Generated code: C:\Users\91916\Desktop\STM-IoTHub\STM-IoTHub\MXTmpFiles\rtos_pfp.tmp
2025-07-28 11:41:31,082 [INFO] CodeEngine:265 - oldGeneratedFile, C:\Users\91916\Desktop\STM-IoTHub\STM-IoTHub\MXTmpFiles\rtos_obj_creat.tmp_save
2025-07-28 11:41:31,166 [INFO] CodeEngine:289 - Generated code: C:\Users\91916\Desktop\STM-IoTHub\STM-IoTHub\MXTmpFiles\rtos_obj_creat.tmp
2025-07-28 11:41:31,177 [INFO] CodeEngine:265 - oldGeneratedFile, C:\Users\91916\Desktop\STM-IoTHub\STM-IoTHub\MXTmpFiles\rtos_default_thread.tmp_save
2025-07-28 11:41:31,240 [INFO] CodeEngine:289 - Generated code: C:\Users\91916\Desktop\STM-IoTHub\STM-IoTHub\MXTmpFiles\rtos_default_thread.tmp
2025-07-28 11:41:31,249 [INFO] CodeEngine:265 - oldGeneratedFile, C:\Users\91916\Desktop\STM-IoTHub\STM-IoTHub\MXTmpFiles\rtos_threads.tmp_save
2025-07-28 11:41:31,315 [INFO] CodeEngine:289 - Generated code: C:\Users\91916\Desktop\STM-IoTHub\STM-IoTHub\MXTmpFiles\rtos_threads.tmp
2025-07-28 11:41:31,330 [INFO] Middleware:1452 - No code input for Bsp Dependency
2025-07-28 11:41:31,340 [INFO] CodeEngine:265 - oldGeneratedFile, C:\Users\91916\Desktop\STM-IoTHub\STM-IoTHub\MXTmpFiles\fatfs_HalInit.tmp_save
2025-07-28 11:41:31,412 [INFO] CodeEngine:289 - Generated code: C:\Users\91916\Desktop\STM-IoTHub\STM-IoTHub\MXTmpFiles\fatfs_HalInit.tmp
2025-07-28 11:41:31,421 [INFO] CodeEngine:265 - oldGeneratedFile, C:\Users\91916\Desktop\STM-IoTHub\STM-IoTHub\MXTmpFiles\fatfs_vars.tmp_save
2025-07-28 11:41:31,485 [INFO] CodeEngine:289 - Generated code: C:\Users\91916\Desktop\STM-IoTHub\STM-IoTHub\MXTmpFiles\fatfs_vars.tmp
2025-07-28 11:41:31,493 [INFO] CodeEngine:265 - oldGeneratedFile, C:\Users\91916\Desktop\STM-IoTHub\STM-IoTHub\MXTmpFiles\fatfs_ext_vars.tmp_save
2025-07-28 11:41:31,562 [INFO] CodeEngine:289 - Generated code: C:\Users\91916\Desktop\STM-IoTHub\STM-IoTHub\MXTmpFiles\fatfs_ext_vars.tmp
2025-07-28 11:41:31,571 [INFO] CodeEngine:265 - oldGeneratedFile, C:\Users\91916\Desktop\STM-IoTHub\STM-IoTHub\MXTmpFiles\fatfs_inc.tmp_save
2025-07-28 11:41:31,631 [INFO] CodeEngine:289 - Generated code: C:\Users\91916\Desktop\STM-IoTHub\STM-IoTHub\MXTmpFiles\fatfs_inc.tmp
2025-07-28 11:41:31,679 [INFO] Middleware:1452 - No code input for Bsp Dependency
2025-07-28 11:41:31,692 [INFO] CodeEngine:265 - oldGeneratedFile, C:\Users\91916\Desktop\STM-IoTHub\STM-IoTHub\MXTmpFiles\rtos_inc.tmp_save
2025-07-28 11:41:31,751 [INFO] CodeEngine:289 - Generated code: C:\Users\91916\Desktop\STM-IoTHub\STM-IoTHub\MXTmpFiles\rtos_inc.tmp
2025-07-28 11:41:31,762 [INFO] CodeEngine:265 - oldGeneratedFile, C:\Users\91916\Desktop\STM-IoTHub\STM-IoTHub\MXTmpFiles\rtos_kernelInit.tmp_save
2025-07-28 11:41:31,827 [INFO] CodeEngine:289 - Generated code: C:\Users\91916\Desktop\STM-IoTHub\STM-IoTHub\MXTmpFiles\rtos_kernelInit.tmp
2025-07-28 11:41:31,841 [INFO] CodeEngine:265 - oldGeneratedFile, C:\Users\91916\Desktop\STM-IoTHub\STM-IoTHub\MXTmpFiles\rtos_kernelStart.tmp_save
2025-07-28 11:41:31,902 [INFO] CodeEngine:289 - Generated code: C:\Users\91916\Desktop\STM-IoTHub\STM-IoTHub\MXTmpFiles\rtos_kernelStart.tmp
2025-07-28 11:41:31,912 [INFO] CodeEngine:265 - oldGeneratedFile, C:\Users\91916\Desktop\STM-IoTHub\STM-IoTHub\MXTmpFiles\rtos_typedefs.tmp_save
2025-07-28 11:41:31,975 [INFO] CodeEngine:289 - Generated code: C:\Users\91916\Desktop\STM-IoTHub\STM-IoTHub\MXTmpFiles\rtos_typedefs.tmp
2025-07-28 11:41:31,987 [INFO] CodeEngine:265 - oldGeneratedFile, C:\Users\91916\Desktop\STM-IoTHub\STM-IoTHub\MXTmpFiles\rtos_vars.tmp_save
2025-07-28 11:41:32,053 [INFO] CodeEngine:289 - Generated code: C:\Users\91916\Desktop\STM-IoTHub\STM-IoTHub\MXTmpFiles\rtos_vars.tmp
2025-07-28 11:41:32,064 [INFO] CodeEngine:265 - oldGeneratedFile, C:\Users\91916\Desktop\STM-IoTHub\STM-IoTHub\MXTmpFiles\rtos_pfp.tmp_save
2025-07-28 11:41:32,125 [INFO] CodeEngine:289 - Generated code: C:\Users\91916\Desktop\STM-IoTHub\STM-IoTHub\MXTmpFiles\rtos_pfp.tmp
2025-07-28 11:41:32,134 [INFO] CodeEngine:265 - oldGeneratedFile, C:\Users\91916\Desktop\STM-IoTHub\STM-IoTHub\MXTmpFiles\rtos_obj_creat.tmp_save
2025-07-28 11:41:32,195 [INFO] CodeEngine:289 - Generated code: C:\Users\91916\Desktop\STM-IoTHub\STM-IoTHub\MXTmpFiles\rtos_obj_creat.tmp
2025-07-28 11:41:32,205 [INFO] CodeEngine:265 - oldGeneratedFile, C:\Users\91916\Desktop\STM-IoTHub\STM-IoTHub\MXTmpFiles\rtos_default_thread.tmp_save
2025-07-28 11:41:32,262 [INFO] CodeEngine:289 - Generated code: C:\Users\91916\Desktop\STM-IoTHub\STM-IoTHub\MXTmpFiles\rtos_default_thread.tmp
2025-07-28 11:41:32,273 [INFO] CodeEngine:265 - oldGeneratedFile, C:\Users\91916\Desktop\STM-IoTHub\STM-IoTHub\MXTmpFiles\rtos_threads.tmp_save
2025-07-28 11:41:32,328 [INFO] CodeEngine:289 - Generated code: C:\Users\91916\Desktop\STM-IoTHub\STM-IoTHub\MXTmpFiles\rtos_threads.tmp
2025-07-28 11:41:32,341 [INFO] CodeEngine:265 - oldGeneratedFile, C:\Users\91916\Desktop\STM-IoTHub\STM-IoTHub\Core\Inc\FreeRTOSConfig.h_save
2025-07-28 11:41:32,419 [INFO] CodeEngine:289 - Generated code: C:\Users\91916\Desktop\STM-IoTHub\STM-IoTHub\Core\Inc\FreeRTOSConfig.h
2025-07-28 11:41:32,430 [INFO] CodeEngine:265 - oldGeneratedFile, C:\Users\91916\Desktop\STM-IoTHub\STM-IoTHub\Core\Src\freertos.c_save
2025-07-28 11:41:32,500 [INFO] CodeEngine:289 - Generated code: C:\Users\91916\Desktop\STM-IoTHub\STM-IoTHub\Core\Src\freertos.c
2025-07-28 11:41:32,516 [INFO] Middleware:1452 - No code input for Bsp Dependency
2025-07-28 11:41:32,525 [INFO] CodeEngine:265 - oldGeneratedFile, C:\Users\91916\Desktop\STM-IoTHub\STM-IoTHub\MXTmpFiles\fatfs_HalInit.tmp_save
2025-07-28 11:41:32,579 [INFO] CodeEngine:289 - Generated code: C:\Users\91916\Desktop\STM-IoTHub\STM-IoTHub\MXTmpFiles\fatfs_HalInit.tmp
2025-07-28 11:41:32,590 [INFO] CodeEngine:265 - oldGeneratedFile, C:\Users\91916\Desktop\STM-IoTHub\STM-IoTHub\MXTmpFiles\fatfs_vars.tmp_save
2025-07-28 11:41:32,644 [INFO] CodeEngine:289 - Generated code: C:\Users\91916\Desktop\STM-IoTHub\STM-IoTHub\MXTmpFiles\fatfs_vars.tmp
2025-07-28 11:41:32,653 [INFO] CodeEngine:265 - oldGeneratedFile, C:\Users\91916\Desktop\STM-IoTHub\STM-IoTHub\MXTmpFiles\fatfs_ext_vars.tmp_save
2025-07-28 11:41:32,707 [INFO] CodeEngine:289 - Generated code: C:\Users\91916\Desktop\STM-IoTHub\STM-IoTHub\MXTmpFiles\fatfs_ext_vars.tmp
2025-07-28 11:41:32,719 [INFO] CodeEngine:265 - oldGeneratedFile, C:\Users\91916\Desktop\STM-IoTHub\STM-IoTHub\MXTmpFiles\fatfs_inc.tmp_save
2025-07-28 11:41:32,772 [INFO] CodeEngine:289 - Generated code: C:\Users\91916\Desktop\STM-IoTHub\STM-IoTHub\MXTmpFiles\fatfs_inc.tmp
2025-07-28 11:41:32,781 [INFO] CodeEngine:265 - oldGeneratedFile, C:\Users\91916\Desktop\STM-IoTHub\STM-IoTHub\FATFS\Target\ffconf.h_save
2025-07-28 11:41:32,848 [INFO] CodeEngine:289 - Generated code: C:\Users\91916\Desktop\STM-IoTHub\STM-IoTHub\FATFS\Target\ffconf.h
2025-07-28 11:41:32,857 [INFO] CodeEngine:265 - oldGeneratedFile, C:\Users\91916\Desktop\STM-IoTHub\STM-IoTHub\FATFS\Target\user_diskio.c_save
2025-07-28 11:41:32,919 [INFO] CodeEngine:289 - Generated code: C:\Users\91916\Desktop\STM-IoTHub\STM-IoTHub\FATFS\Target\user_diskio.c
2025-07-28 11:41:32,928 [INFO] CodeEngine:265 - oldGeneratedFile, C:\Users\91916\Desktop\STM-IoTHub\STM-IoTHub\FATFS\Target\user_diskio.h_save
2025-07-28 11:41:32,991 [INFO] CodeEngine:289 - Generated code: C:\Users\91916\Desktop\STM-IoTHub\STM-IoTHub\FATFS\Target\user_diskio.h
2025-07-28 11:41:33,001 [INFO] CodeEngine:265 - oldGeneratedFile, C:\Users\91916\Desktop\STM-IoTHub\STM-IoTHub\FATFS\App\fatfs.c_save
2025-07-28 11:41:33,066 [INFO] CodeEngine:289 - Generated code: C:\Users\91916\Desktop\STM-IoTHub\STM-IoTHub\FATFS\App\fatfs.c
2025-07-28 11:41:33,079 [INFO] CodeEngine:265 - oldGeneratedFile, C:\Users\91916\Desktop\STM-IoTHub\STM-IoTHub\FATFS\App\fatfs.h_save
2025-07-28 11:41:33,140 [INFO] CodeEngine:289 - Generated code: C:\Users\91916\Desktop\STM-IoTHub\STM-IoTHub\FATFS\App\fatfs.h
2025-07-28 11:41:33,164 [INFO] CodeEngine:265 - oldGeneratedFile, C:\Users\91916\Desktop\STM-IoTHub\STM-IoTHub\Core\Src\stm32f4xx_it.c_save
2025-07-28 11:41:33,386 [INFO] CodeEngine:289 - Generated code: C:\Users\91916\Desktop\STM-IoTHub\STM-IoTHub\Core\Src\stm32f4xx_it.c
2025-07-28 11:41:33,402 [INFO] CodeEngine:265 - oldGeneratedFile, C:\Users\91916\Desktop\STM-IoTHub\STM-IoTHub\Core\Inc\stm32f4xx_it.h_save
2025-07-28 11:41:33,559 [INFO] CodeEngine:289 - Generated code: C:\Users\91916\Desktop\STM-IoTHub\STM-IoTHub\Core\Inc\stm32f4xx_it.h
2025-07-28 11:41:33,593 [INFO] CodeEngine:265 - oldGeneratedFile, C:\Users\91916\Desktop\STM-IoTHub\STM-IoTHub\Core\Src\stm32f4xx_hal_msp.c_save
2025-07-28 11:41:33,717 [INFO] CodeEngine:289 - Generated code: C:\Users\91916\Desktop\STM-IoTHub\STM-IoTHub\Core\Src\stm32f4xx_hal_msp.c
2025-07-28 11:41:33,727 [INFO] CodeEngine:265 - oldGeneratedFile, C:\Users\91916\Desktop\STM-IoTHub\STM-IoTHub\MXTmpFiles\system.tmp_save
2025-07-28 11:41:33,785 [INFO] CodeEngine:289 - Generated code: C:\Users\91916\Desktop\STM-IoTHub\STM-IoTHub\MXTmpFiles\system.tmp
2025-07-28 11:41:33,804 [INFO] CodeEngine:321 - oldGeneratedFile, C:\Users\91916\Desktop\STM-IoTHub\STM-IoTHub\Core\Inc\stm32f4xx_hal_conf.h_save
2025-07-28 11:41:33,873 [INFO] CodeEngine:345 - Generated code: C:\Users\91916\Desktop\STM-IoTHub\STM-IoTHub\Core\Inc\stm32f4xx_hal_conf.h
2025-07-28 11:41:33,906 [WARN] IPConfigManager:3238 - Warning: the RefConfig PLL2P_FOR_MCO is not available in your config.xml file
2025-07-28 11:41:33,927 [INFO] CodeEngine:265 - oldGeneratedFile, C:\Users\91916\Desktop\STM-IoTHub\STM-IoTHub\Core\Inc\main.h_save
2025-07-28 11:41:34,020 [INFO] CodeEngine:289 - Generated code: C:\Users\91916\Desktop\STM-IoTHub\STM-IoTHub\Core\Inc\main.h
2025-07-28 11:41:34,031 [INFO] CodeEngine:265 - oldGeneratedFile, C:\Users\91916\Desktop\STM-IoTHub\STM-IoTHub\Core\Src\main.c_save
2025-07-28 11:41:34,207 [INFO] CodeEngine:289 - Generated code: C:\Users\91916\Desktop\STM-IoTHub\STM-IoTHub\Core\Src\main.c
2025-07-28 11:41:35,021 [INFO] ProjectBuilder:3606 - Time for Copy HAL[1] : 564mS.
2025-07-28 11:41:35,028 [INFO] ProjectBuilder:5216 - Project Generator version: 4.7.0-B52
2025-07-28 11:41:35,117 [INFO] ConfigFileManager:1595 - The Die is : DIE421
2025-07-28 11:41:36,890 [INFO] ProjectBuilder:5496 - Time for Generating toolchain IDE Files: 1862mS.
2025-07-28 11:41:36,893 [INFO] ProjectBuilder:3463 - Time for Copy CMSIS : 2mS.
2025-07-28 11:41:36,907 [INFO] ProjectBuilder:3463 - Time for Copy CMSIS : 0mS.
2025-07-28 11:47:52,987 [INFO] WebApp:194 - Connection lost
2025-07-28 11:47:53,453 [INFO] WebApp:191 - Connection restablished
2025-07-28 11:48:41,841 [INFO] WebApp:194 - Connection lost
2025-07-28 11:48:42,045 [INFO] WebApp:191 - Connection restablished
2025-07-28 11:49:32,839 [INFO] WebApp:194 - Connection lost
2025-07-28 11:49:33,127 [INFO] WebApp:191 - Connection restablished
2025-07-28 11:51:09,350 [INFO] WebApp:194 - Connection lost
2025-07-28 11:51:09,595 [INFO] WebApp:191 - Connection restablished
2025-07-28 11:51:51,334 [INFO] WebApp:194 - Connection lost
2025-07-28 11:51:51,551 [INFO] WebApp:191 - Connection restablished
2025-07-28 11:51:58,076 [WARN] IP:2250 - I2C_Coeff_DF not found: check if there is a RefParameter without a condition.
2025-07-28 11:51:58,077 [WARN] IP:2250 - Analog_Filter not found: check if there is a RefParameter without a condition.
2025-07-28 11:51:58,077 [WARN] IP:2250 - I2C_Coeff_DF not found: check if there is a RefParameter without a condition.
2025-07-28 11:51:58,077 [WARN] IP:2250 - Analog_Filter not found: check if there is a RefParameter without a condition.
2025-07-28 11:51:58,084 [WARN] IP:2250 - I2C_Coeff_DF not found: check if there is a RefParameter without a condition.
2025-07-28 11:51:58,084 [WARN] IP:2250 - Analog_Filter not found: check if there is a RefParameter without a condition.
2025-07-28 11:51:58,084 [WARN] IP:2250 - I2C_Coeff_DF not found: check if there is a RefParameter without a condition.
2025-07-28 11:51:58,084 [WARN] IP:2250 - Analog_Filter not found: check if there is a RefParameter without a condition.
2025-07-28 11:51:58,186 [WARN] IP:2250 - I2C_Coeff_DF not found: check if there is a RefParameter without a condition.
2025-07-28 11:51:58,186 [WARN] IP:2250 - Analog_Filter not found: check if there is a RefParameter without a condition.
2025-07-28 11:51:58,190 [WARN] IP:2250 - I2C_Coeff_DF not found: check if there is a RefParameter without a condition.
2025-07-28 11:51:58,190 [WARN] IP:2250 - Analog_Filter not found: check if there is a RefParameter without a condition.
2025-07-28 11:51:58,276 [WARN] IP:2250 - I2C_Coeff_DF not found: check if there is a RefParameter without a condition.
2025-07-28 11:51:58,276 [WARN] IP:2250 - Analog_Filter not found: check if there is a RefParameter without a condition.
2025-07-28 11:51:58,279 [WARN] IP:2250 - I2C_Coeff_DF not found: check if there is a RefParameter without a condition.
2025-07-28 11:51:58,279 [WARN] IP:2250 - Analog_Filter not found: check if there is a RefParameter without a condition.
2025-07-28 11:52:14,008 [WARN] IP:2250 - I2C_Coeff_DF not found: check if there is a RefParameter without a condition.
2025-07-28 11:52:14,008 [WARN] IP:2250 - Analog_Filter not found: check if there is a RefParameter without a condition.
2025-07-28 11:52:14,008 [WARN] IP:2250 - I2C_Coeff_DF not found: check if there is a RefParameter without a condition.
2025-07-28 11:52:14,009 [WARN] IP:2250 - Analog_Filter not found: check if there is a RefParameter without a condition.
2025-07-28 11:52:14,011 [WARN] IP:2250 - I2C_Coeff_DF not found: check if there is a RefParameter without a condition.
2025-07-28 11:52:14,011 [WARN] IP:2250 - Analog_Filter not found: check if there is a RefParameter without a condition.
2025-07-28 11:52:14,012 [WARN] IP:2250 - I2C_Coeff_DF not found: check if there is a RefParameter without a condition.
2025-07-28 11:52:14,012 [WARN] IP:2250 - Analog_Filter not found: check if there is a RefParameter without a condition.
2025-07-28 11:52:14,087 [WARN] IP:2250 - I2C_Coeff_DF not found: check if there is a RefParameter without a condition.
2025-07-28 11:52:14,087 [WARN] IP:2250 - Analog_Filter not found: check if there is a RefParameter without a condition.
2025-07-28 11:52:14,090 [WARN] IP:2250 - I2C_Coeff_DF not found: check if there is a RefParameter without a condition.
2025-07-28 11:52:14,090 [WARN] IP:2250 - Analog_Filter not found: check if there is a RefParameter without a condition.
2025-07-28 11:52:14,155 [WARN] IP:2250 - I2C_Coeff_DF not found: check if there is a RefParameter without a condition.
2025-07-28 11:52:14,155 [WARN] IP:2250 - Analog_Filter not found: check if there is a RefParameter without a condition.
2025-07-28 11:52:14,157 [WARN] IP:2250 - I2C_Coeff_DF not found: check if there is a RefParameter without a condition.
2025-07-28 11:52:14,157 [WARN] IP:2250 - Analog_Filter not found: check if there is a RefParameter without a condition.
2025-07-28 11:52:21,828 [INFO] WebApp:194 - Connection lost
2025-07-28 11:52:22,494 [WARN] IP:2250 - I2C_Coeff_DF not found: check if there is a RefParameter without a condition.
2025-07-28 11:52:22,494 [WARN] IP:2250 - Analog_Filter not found: check if there is a RefParameter without a condition.
2025-07-28 11:52:22,495 [WARN] IP:2250 - I2C_Coeff_DF not found: check if there is a RefParameter without a condition.
2025-07-28 11:52:22,495 [WARN] IP:2250 - Analog_Filter not found: check if there is a RefParameter without a condition.
2025-07-28 11:52:22,497 [WARN] IP:2250 - I2C_Coeff_DF not found: check if there is a RefParameter without a condition.
2025-07-28 11:52:22,497 [WARN] IP:2250 - Analog_Filter not found: check if there is a RefParameter without a condition.
2025-07-28 11:52:22,498 [WARN] IP:2250 - I2C_Coeff_DF not found: check if there is a RefParameter without a condition.
2025-07-28 11:52:22,498 [WARN] IP:2250 - Analog_Filter not found: check if there is a RefParameter without a condition.
2025-07-28 11:52:22,561 [INFO] WebApp:191 - Connection restablished
2025-07-28 11:52:22,604 [WARN] IP:2250 - I2C_Coeff_DF not found: check if there is a RefParameter without a condition.
2025-07-28 11:52:22,604 [WARN] IP:2250 - Analog_Filter not found: check if there is a RefParameter without a condition.
2025-07-28 11:52:22,609 [WARN] IP:2250 - I2C_Coeff_DF not found: check if there is a RefParameter without a condition.
2025-07-28 11:52:22,609 [WARN] IP:2250 - Analog_Filter not found: check if there is a RefParameter without a condition.
2025-07-28 11:52:22,702 [WARN] IP:2250 - I2C_Coeff_DF not found: check if there is a RefParameter without a condition.
2025-07-28 11:52:22,703 [WARN] IP:2250 - Analog_Filter not found: check if there is a RefParameter without a condition.
2025-07-28 11:52:22,708 [WARN] IP:2250 - I2C_Coeff_DF not found: check if there is a RefParameter without a condition.
2025-07-28 11:52:22,708 [WARN] IP:2250 - Analog_Filter not found: check if there is a RefParameter without a condition.
2025-07-28 11:52:33,581 [WARN] IP:2250 - I2C_Coeff_DF not found: check if there is a RefParameter without a condition.
2025-07-28 11:52:33,582 [WARN] IP:2250 - Analog_Filter not found: check if there is a RefParameter without a condition.
2025-07-28 11:52:33,583 [WARN] IP:2250 - I2C_Coeff_DF not found: check if there is a RefParameter without a condition.
2025-07-28 11:52:33,583 [WARN] IP:2250 - Analog_Filter not found: check if there is a RefParameter without a condition.
2025-07-28 11:52:33,586 [WARN] IP:2250 - I2C_Coeff_DF not found: check if there is a RefParameter without a condition.
2025-07-28 11:52:33,587 [WARN] IP:2250 - Analog_Filter not found: check if there is a RefParameter without a condition.
2025-07-28 11:52:33,587 [WARN] IP:2250 - I2C_Coeff_DF not found: check if there is a RefParameter without a condition.
2025-07-28 11:52:33,587 [WARN] IP:2250 - Analog_Filter not found: check if there is a RefParameter without a condition.
2025-07-28 11:52:33,661 [WARN] IP:2250 - I2C_Coeff_DF not found: check if there is a RefParameter without a condition.
2025-07-28 11:52:33,662 [WARN] IP:2250 - Analog_Filter not found: check if there is a RefParameter without a condition.
2025-07-28 11:52:33,665 [WARN] IP:2250 - I2C_Coeff_DF not found: check if there is a RefParameter without a condition.
2025-07-28 11:52:33,665 [WARN] IP:2250 - Analog_Filter not found: check if there is a RefParameter without a condition.
2025-07-28 11:52:33,733 [WARN] IP:2250 - I2C_Coeff_DF not found: check if there is a RefParameter without a condition.
2025-07-28 11:52:33,733 [WARN] IP:2250 - Analog_Filter not found: check if there is a RefParameter without a condition.
2025-07-28 11:52:33,736 [WARN] IP:2250 - I2C_Coeff_DF not found: check if there is a RefParameter without a condition.
2025-07-28 11:52:33,737 [WARN] IP:2250 - Analog_Filter not found: check if there is a RefParameter without a condition.
2025-07-28 11:52:38,681 [WARN] IP:2250 - I2C_Coeff_DF not found: check if there is a RefParameter without a condition.
2025-07-28 11:52:38,681 [WARN] IP:2250 - Analog_Filter not found: check if there is a RefParameter without a condition.
2025-07-28 11:52:38,682 [WARN] IP:2250 - I2C_Coeff_DF not found: check if there is a RefParameter without a condition.
2025-07-28 11:52:38,682 [WARN] IP:2250 - Analog_Filter not found: check if there is a RefParameter without a condition.
2025-07-28 11:52:38,684 [WARN] IP:2250 - I2C_Coeff_DF not found: check if there is a RefParameter without a condition.
2025-07-28 11:52:38,684 [WARN] IP:2250 - Analog_Filter not found: check if there is a RefParameter without a condition.
2025-07-28 11:52:38,684 [WARN] IP:2250 - I2C_Coeff_DF not found: check if there is a RefParameter without a condition.
2025-07-28 11:52:38,684 [WARN] IP:2250 - Analog_Filter not found: check if there is a RefParameter without a condition.
2025-07-28 11:52:38,748 [WARN] IP:2250 - I2C_Coeff_DF not found: check if there is a RefParameter without a condition.
2025-07-28 11:52:38,748 [WARN] IP:2250 - Analog_Filter not found: check if there is a RefParameter without a condition.
2025-07-28 11:52:38,750 [WARN] IP:2250 - I2C_Coeff_DF not found: check if there is a RefParameter without a condition.
2025-07-28 11:52:38,750 [WARN] IP:2250 - Analog_Filter not found: check if there is a RefParameter without a condition.
2025-07-28 11:52:38,805 [WARN] IP:2250 - I2C_Coeff_DF not found: check if there is a RefParameter without a condition.
2025-07-28 11:52:38,805 [WARN] IP:2250 - Analog_Filter not found: check if there is a RefParameter without a condition.
2025-07-28 11:52:38,808 [WARN] IP:2250 - I2C_Coeff_DF not found: check if there is a RefParameter without a condition.
2025-07-28 11:52:38,808 [WARN] IP:2250 - Analog_Filter not found: check if there is a RefParameter without a condition.
2025-07-28 11:52:41,834 [INFO] WebApp:194 - Connection lost
2025-07-28 11:52:42,050 [INFO] WebApp:191 - Connection restablished
2025-07-28 11:52:50,412 [INFO] UtilMem:75 - End SaveConfig() Used Memory: 477783440 Bytes (715128832)
2025-07-28 11:52:52,507 [INFO] UtilMem:75 - End SaveConfig() Used Memory: 502533312 Bytes (715128832)
2025-07-28 11:52:55,487 [INFO] UtilMem:75 - End SaveConfig() Used Memory: 596798864 Bytes (715128832)
2025-07-28 11:52:58,002 [INFO] BlockDiagram:2775 - set Specific Code input for plugin: SPI
2025-07-28 11:52:58,002 [INFO] BlockDiagram:2775 - set Specific Code input for plugin: FREERTOS
2025-07-28 11:52:58,002 [INFO] BlockDiagram:2775 - set Specific Code input for plugin: SYS
2025-07-28 11:52:58,002 [INFO] BlockDiagram:2775 - set Specific Code input for plugin: RCC
2025-07-28 11:52:58,002 [INFO] BlockDiagram:2775 - set Specific Code input for plugin: I2C
2025-07-28 11:52:58,002 [INFO] BlockDiagram:2775 - set Specific Code input for plugin: I2C
2025-07-28 11:52:58,003 [INFO] BlockDiagram:2775 - set Specific Code input for plugin: RTC
2025-07-28 11:52:58,003 [INFO] BlockDiagram:2775 - set Specific Code input for plugin: NVIC
2025-07-28 11:52:58,003 [INFO] BlockDiagram:2775 - set Specific Code input for plugin: USART
2025-07-28 11:52:58,003 [INFO] BlockDiagram:2775 - set Specific Code input for plugin: USART
2025-07-28 11:52:58,003 [INFO] BlockDiagram:2775 - set Specific Code input for plugin: GPIO
2025-07-28 11:52:58,003 [INFO] BlockDiagram:2775 - set Specific Code input for plugin: FATFS
2025-07-28 11:52:58,006 [INFO] CodeGenerator:892 - code generatio: config db path: C:\ST\STM32CubeIDE_1.19.0\STM32CubeIDE\plugins\com.st.stm32cube.common.mx_6.15.0.202507011659\\db\
2025-07-28 11:52:58,022 [WARN] IP:2250 - I2C_Coeff_DF not found: check if there is a RefParameter without a condition.
2025-07-28 11:52:58,022 [WARN] IP:2250 - Analog_Filter not found: check if there is a RefParameter without a condition.
2025-07-28 11:52:58,024 [WARN] IP:2250 - I2C_Coeff_DF not found: check if there is a RefParameter without a condition.
2025-07-28 11:52:58,025 [WARN] IP:2250 - Analog_Filter not found: check if there is a RefParameter without a condition.
2025-07-28 11:52:58,243 [INFO] CodeEngine:265 - oldGeneratedFile, C:\Users\91916\Desktop\STM-IoTHub\STM-IoTHub\MXTmpFiles\license.tmp_save
2025-07-28 11:52:58,553 [INFO] CodeEngine:289 - Generated code: C:\Users\91916\Desktop\STM-IoTHub\STM-IoTHub\MXTmpFiles\license.tmp
2025-07-28 11:52:58,623 [INFO] CodeEngine:265 - oldGeneratedFile, C:\Users\91916\Desktop\STM-IoTHub\STM-IoTHub\MXTmpFiles\gpio.tmp_save
2025-07-28 11:52:58,867 [INFO] CodeEngine:289 - Generated code: C:\Users\91916\Desktop\STM-IoTHub\STM-IoTHub\MXTmpFiles\gpio.tmp
2025-07-28 11:52:59,416 [INFO] Middleware:1452 - No code input for Bsp Dependency
2025-07-28 11:52:59,429 [INFO] CodeEngine:265 - oldGeneratedFile, C:\Users\91916\Desktop\STM-IoTHub\STM-IoTHub\MXTmpFiles\rtos_inc.tmp_save
2025-07-28 11:52:59,580 [INFO] CodeEngine:289 - Generated code: C:\Users\91916\Desktop\STM-IoTHub\STM-IoTHub\MXTmpFiles\rtos_inc.tmp
2025-07-28 11:52:59,593 [INFO] CodeEngine:265 - oldGeneratedFile, C:\Users\91916\Desktop\STM-IoTHub\STM-IoTHub\MXTmpFiles\rtos_kernelInit.tmp_save
2025-07-28 11:52:59,750 [INFO] CodeEngine:289 - Generated code: C:\Users\91916\Desktop\STM-IoTHub\STM-IoTHub\MXTmpFiles\rtos_kernelInit.tmp
2025-07-28 11:52:59,763 [INFO] CodeEngine:265 - oldGeneratedFile, C:\Users\91916\Desktop\STM-IoTHub\STM-IoTHub\MXTmpFiles\rtos_kernelStart.tmp_save
2025-07-28 11:52:59,894 [INFO] CodeEngine:289 - Generated code: C:\Users\91916\Desktop\STM-IoTHub\STM-IoTHub\MXTmpFiles\rtos_kernelStart.tmp
2025-07-28 11:52:59,904 [INFO] CodeEngine:265 - oldGeneratedFile, C:\Users\91916\Desktop\STM-IoTHub\STM-IoTHub\MXTmpFiles\rtos_typedefs.tmp_save
2025-07-28 11:53:00,026 [INFO] CodeEngine:289 - Generated code: C:\Users\91916\Desktop\STM-IoTHub\STM-IoTHub\MXTmpFiles\rtos_typedefs.tmp
2025-07-28 11:53:00,038 [INFO] CodeEngine:265 - oldGeneratedFile, C:\Users\91916\Desktop\STM-IoTHub\STM-IoTHub\MXTmpFiles\rtos_vars.tmp_save
2025-07-28 11:53:00,166 [INFO] CodeEngine:289 - Generated code: C:\Users\91916\Desktop\STM-IoTHub\STM-IoTHub\MXTmpFiles\rtos_vars.tmp
2025-07-28 11:53:00,181 [INFO] CodeEngine:265 - oldGeneratedFile, C:\Users\91916\Desktop\STM-IoTHub\STM-IoTHub\MXTmpFiles\rtos_pfp.tmp_save
2025-07-28 11:53:00,288 [INFO] CodeEngine:289 - Generated code: C:\Users\91916\Desktop\STM-IoTHub\STM-IoTHub\MXTmpFiles\rtos_pfp.tmp
2025-07-28 11:53:00,301 [INFO] CodeEngine:265 - oldGeneratedFile, C:\Users\91916\Desktop\STM-IoTHub\STM-IoTHub\MXTmpFiles\rtos_obj_creat.tmp_save
2025-07-28 11:53:00,408 [INFO] CodeEngine:289 - Generated code: C:\Users\91916\Desktop\STM-IoTHub\STM-IoTHub\MXTmpFiles\rtos_obj_creat.tmp
2025-07-28 11:53:00,419 [INFO] CodeEngine:265 - oldGeneratedFile, C:\Users\91916\Desktop\STM-IoTHub\STM-IoTHub\MXTmpFiles\rtos_default_thread.tmp_save
2025-07-28 11:53:00,521 [INFO] CodeEngine:289 - Generated code: C:\Users\91916\Desktop\STM-IoTHub\STM-IoTHub\MXTmpFiles\rtos_default_thread.tmp
2025-07-28 11:53:00,534 [INFO] CodeEngine:265 - oldGeneratedFile, C:\Users\91916\Desktop\STM-IoTHub\STM-IoTHub\MXTmpFiles\rtos_threads.tmp_save
2025-07-28 11:53:00,640 [INFO] CodeEngine:289 - Generated code: C:\Users\91916\Desktop\STM-IoTHub\STM-IoTHub\MXTmpFiles\rtos_threads.tmp
2025-07-28 11:53:00,665 [INFO] Middleware:1452 - No code input for Bsp Dependency
2025-07-28 11:53:00,678 [INFO] CodeEngine:265 - oldGeneratedFile, C:\Users\91916\Desktop\STM-IoTHub\STM-IoTHub\MXTmpFiles\fatfs_HalInit.tmp_save
2025-07-28 11:53:00,786 [INFO] CodeEngine:289 - Generated code: C:\Users\91916\Desktop\STM-IoTHub\STM-IoTHub\MXTmpFiles\fatfs_HalInit.tmp
2025-07-28 11:53:00,798 [INFO] CodeEngine:265 - oldGeneratedFile, C:\Users\91916\Desktop\STM-IoTHub\STM-IoTHub\MXTmpFiles\fatfs_vars.tmp_save
2025-07-28 11:53:00,894 [INFO] CodeEngine:289 - Generated code: C:\Users\91916\Desktop\STM-IoTHub\STM-IoTHub\MXTmpFiles\fatfs_vars.tmp
2025-07-28 11:53:00,906 [INFO] CodeEngine:265 - oldGeneratedFile, C:\Users\91916\Desktop\STM-IoTHub\STM-IoTHub\MXTmpFiles\fatfs_ext_vars.tmp_save
2025-07-28 11:53:01,001 [INFO] CodeEngine:289 - Generated code: C:\Users\91916\Desktop\STM-IoTHub\STM-IoTHub\MXTmpFiles\fatfs_ext_vars.tmp
2025-07-28 11:53:01,012 [INFO] CodeEngine:265 - oldGeneratedFile, C:\Users\91916\Desktop\STM-IoTHub\STM-IoTHub\MXTmpFiles\fatfs_inc.tmp_save
2025-07-28 11:53:01,103 [INFO] CodeEngine:289 - Generated code: C:\Users\91916\Desktop\STM-IoTHub\STM-IoTHub\MXTmpFiles\fatfs_inc.tmp
2025-07-28 11:53:01,167 [INFO] Middleware:1452 - No code input for Bsp Dependency
2025-07-28 11:53:01,182 [INFO] CodeEngine:265 - oldGeneratedFile, C:\Users\91916\Desktop\STM-IoTHub\STM-IoTHub\MXTmpFiles\rtos_inc.tmp_save
2025-07-28 11:53:01,288 [INFO] CodeEngine:289 - Generated code: C:\Users\91916\Desktop\STM-IoTHub\STM-IoTHub\MXTmpFiles\rtos_inc.tmp
2025-07-28 11:53:01,305 [INFO] CodeEngine:265 - oldGeneratedFile, C:\Users\91916\Desktop\STM-IoTHub\STM-IoTHub\MXTmpFiles\rtos_kernelInit.tmp_save
2025-07-28 11:53:01,404 [INFO] CodeEngine:289 - Generated code: C:\Users\91916\Desktop\STM-IoTHub\STM-IoTHub\MXTmpFiles\rtos_kernelInit.tmp
2025-07-28 11:53:01,419 [INFO] CodeEngine:265 - oldGeneratedFile, C:\Users\91916\Desktop\STM-IoTHub\STM-IoTHub\MXTmpFiles\rtos_kernelStart.tmp_save
2025-07-28 11:53:01,509 [INFO] CodeEngine:289 - Generated code: C:\Users\91916\Desktop\STM-IoTHub\STM-IoTHub\MXTmpFiles\rtos_kernelStart.tmp
2025-07-28 11:53:01,524 [INFO] CodeEngine:265 - oldGeneratedFile, C:\Users\91916\Desktop\STM-IoTHub\STM-IoTHub\MXTmpFiles\rtos_typedefs.tmp_save
2025-07-28 11:53:01,616 [INFO] CodeEngine:289 - Generated code: C:\Users\91916\Desktop\STM-IoTHub\STM-IoTHub\MXTmpFiles\rtos_typedefs.tmp
2025-07-28 11:53:01,632 [INFO] CodeEngine:265 - oldGeneratedFile, C:\Users\91916\Desktop\STM-IoTHub\STM-IoTHub\MXTmpFiles\rtos_vars.tmp_save
2025-07-28 11:53:01,728 [INFO] CodeEngine:289 - Generated code: C:\Users\91916\Desktop\STM-IoTHub\STM-IoTHub\MXTmpFiles\rtos_vars.tmp
2025-07-28 11:53:01,741 [INFO] CodeEngine:265 - oldGeneratedFile, C:\Users\91916\Desktop\STM-IoTHub\STM-IoTHub\MXTmpFiles\rtos_pfp.tmp_save
2025-07-28 11:53:01,873 [INFO] CodeEngine:289 - Generated code: C:\Users\91916\Desktop\STM-IoTHub\STM-IoTHub\MXTmpFiles\rtos_pfp.tmp
2025-07-28 11:53:01,886 [INFO] CodeEngine:265 - oldGeneratedFile, C:\Users\91916\Desktop\STM-IoTHub\STM-IoTHub\MXTmpFiles\rtos_obj_creat.tmp_save
2025-07-28 11:53:01,984 [INFO] CodeEngine:289 - Generated code: C:\Users\91916\Desktop\STM-IoTHub\STM-IoTHub\MXTmpFiles\rtos_obj_creat.tmp
2025-07-28 11:53:02,000 [INFO] CodeEngine:265 - oldGeneratedFile, C:\Users\91916\Desktop\STM-IoTHub\STM-IoTHub\MXTmpFiles\rtos_default_thread.tmp_save
2025-07-28 11:53:02,101 [INFO] CodeEngine:289 - Generated code: C:\Users\91916\Desktop\STM-IoTHub\STM-IoTHub\MXTmpFiles\rtos_default_thread.tmp
2025-07-28 11:53:02,119 [INFO] CodeEngine:265 - oldGeneratedFile, C:\Users\91916\Desktop\STM-IoTHub\STM-IoTHub\MXTmpFiles\rtos_threads.tmp_save
2025-07-28 11:53:02,218 [INFO] CodeEngine:289 - Generated code: C:\Users\91916\Desktop\STM-IoTHub\STM-IoTHub\MXTmpFiles\rtos_threads.tmp
2025-07-28 11:53:02,234 [INFO] CodeEngine:265 - oldGeneratedFile, C:\Users\91916\Desktop\STM-IoTHub\STM-IoTHub\Core\Inc\FreeRTOSConfig.h_save
2025-07-28 11:53:02,363 [INFO] CodeEngine:289 - Generated code: C:\Users\91916\Desktop\STM-IoTHub\STM-IoTHub\Core\Inc\FreeRTOSConfig.h
2025-07-28 11:53:02,385 [INFO] CodeEngine:265 - oldGeneratedFile, C:\Users\91916\Desktop\STM-IoTHub\STM-IoTHub\Core\Src\freertos.c_save
2025-07-28 11:53:02,512 [INFO] CodeEngine:289 - Generated code: C:\Users\91916\Desktop\STM-IoTHub\STM-IoTHub\Core\Src\freertos.c
2025-07-28 11:53:02,532 [INFO] Middleware:1452 - No code input for Bsp Dependency
2025-07-28 11:53:02,545 [INFO] CodeEngine:265 - oldGeneratedFile, C:\Users\91916\Desktop\STM-IoTHub\STM-IoTHub\MXTmpFiles\fatfs_HalInit.tmp_save
2025-07-28 11:53:02,640 [INFO] CodeEngine:289 - Generated code: C:\Users\91916\Desktop\STM-IoTHub\STM-IoTHub\MXTmpFiles\fatfs_HalInit.tmp
2025-07-28 11:53:02,653 [INFO] CodeEngine:265 - oldGeneratedFile, C:\Users\91916\Desktop\STM-IoTHub\STM-IoTHub\MXTmpFiles\fatfs_vars.tmp_save
2025-07-28 11:53:02,745 [INFO] CodeEngine:289 - Generated code: C:\Users\91916\Desktop\STM-IoTHub\STM-IoTHub\MXTmpFiles\fatfs_vars.tmp
2025-07-28 11:53:02,759 [INFO] CodeEngine:265 - oldGeneratedFile, C:\Users\91916\Desktop\STM-IoTHub\STM-IoTHub\MXTmpFiles\fatfs_ext_vars.tmp_save
2025-07-28 11:53:02,852 [INFO] CodeEngine:289 - Generated code: C:\Users\91916\Desktop\STM-IoTHub\STM-IoTHub\MXTmpFiles\fatfs_ext_vars.tmp
2025-07-28 11:53:02,866 [INFO] CodeEngine:265 - oldGeneratedFile, C:\Users\91916\Desktop\STM-IoTHub\STM-IoTHub\MXTmpFiles\fatfs_inc.tmp_save
2025-07-28 11:53:02,959 [INFO] CodeEngine:289 - Generated code: C:\Users\91916\Desktop\STM-IoTHub\STM-IoTHub\MXTmpFiles\fatfs_inc.tmp
2025-07-28 11:53:02,974 [INFO] CodeEngine:265 - oldGeneratedFile, C:\Users\91916\Desktop\STM-IoTHub\STM-IoTHub\FATFS\Target\ffconf.h_save
2025-07-28 11:53:03,084 [INFO] CodeEngine:289 - Generated code: C:\Users\91916\Desktop\STM-IoTHub\STM-IoTHub\FATFS\Target\ffconf.h
2025-07-28 11:53:03,099 [INFO] CodeEngine:265 - oldGeneratedFile, C:\Users\91916\Desktop\STM-IoTHub\STM-IoTHub\FATFS\Target\user_diskio.c_save
2025-07-28 11:53:03,196 [INFO] CodeEngine:289 - Generated code: C:\Users\91916\Desktop\STM-IoTHub\STM-IoTHub\FATFS\Target\user_diskio.c
2025-07-28 11:53:03,213 [INFO] CodeEngine:265 - oldGeneratedFile, C:\Users\91916\Desktop\STM-IoTHub\STM-IoTHub\FATFS\Target\user_diskio.h_save
2025-07-28 11:53:03,306 [INFO] CodeEngine:289 - Generated code: C:\Users\91916\Desktop\STM-IoTHub\STM-IoTHub\FATFS\Target\user_diskio.h
2025-07-28 11:53:03,320 [INFO] CodeEngine:265 - oldGeneratedFile, C:\Users\91916\Desktop\STM-IoTHub\STM-IoTHub\FATFS\App\fatfs.c_save
2025-07-28 11:53:03,416 [INFO] CodeEngine:289 - Generated code: C:\Users\91916\Desktop\STM-IoTHub\STM-IoTHub\FATFS\App\fatfs.c
2025-07-28 11:53:03,430 [INFO] CodeEngine:265 - oldGeneratedFile, C:\Users\91916\Desktop\STM-IoTHub\STM-IoTHub\FATFS\App\fatfs.h_save
2025-07-28 11:53:03,525 [INFO] CodeEngine:289 - Generated code: C:\Users\91916\Desktop\STM-IoTHub\STM-IoTHub\FATFS\App\fatfs.h
2025-07-28 11:53:03,557 [INFO] CodeEngine:265 - oldGeneratedFile, C:\Users\91916\Desktop\STM-IoTHub\STM-IoTHub\Core\Src\stm32f4xx_it.c_save
2025-07-28 11:53:03,658 [INFO] CodeEngine:289 - Generated code: C:\Users\91916\Desktop\STM-IoTHub\STM-IoTHub\Core\Src\stm32f4xx_it.c
2025-07-28 11:53:03,671 [INFO] CodeEngine:265 - oldGeneratedFile, C:\Users\91916\Desktop\STM-IoTHub\STM-IoTHub\Core\Inc\stm32f4xx_it.h_save
2025-07-28 11:53:03,762 [INFO] CodeEngine:289 - Generated code: C:\Users\91916\Desktop\STM-IoTHub\STM-IoTHub\Core\Inc\stm32f4xx_it.h
2025-07-28 11:53:03,791 [INFO] CodeEngine:265 - oldGeneratedFile, C:\Users\91916\Desktop\STM-IoTHub\STM-IoTHub\Core\Src\stm32f4xx_hal_msp.c_save
2025-07-28 11:53:03,934 [INFO] CodeEngine:289 - Generated code: C:\Users\91916\Desktop\STM-IoTHub\STM-IoTHub\Core\Src\stm32f4xx_hal_msp.c
2025-07-28 11:53:03,946 [INFO] CodeEngine:265 - oldGeneratedFile, C:\Users\91916\Desktop\STM-IoTHub\STM-IoTHub\MXTmpFiles\system.tmp_save
2025-07-28 11:53:04,021 [INFO] CodeEngine:289 - Generated code: C:\Users\91916\Desktop\STM-IoTHub\STM-IoTHub\MXTmpFiles\system.tmp
2025-07-28 11:53:04,041 [INFO] CodeEngine:321 - oldGeneratedFile, C:\Users\91916\Desktop\STM-IoTHub\STM-IoTHub\Core\Inc\stm32f4xx_hal_conf.h_save
2025-07-28 11:53:04,126 [INFO] CodeEngine:345 - Generated code: C:\Users\91916\Desktop\STM-IoTHub\STM-IoTHub\Core\Inc\stm32f4xx_hal_conf.h
2025-07-28 11:53:04,159 [WARN] IPConfigManager:3238 - Warning: the RefConfig PLL2P_FOR_MCO is not available in your config.xml file
2025-07-28 11:53:04,177 [INFO] CodeEngine:265 - oldGeneratedFile, C:\Users\91916\Desktop\STM-IoTHub\STM-IoTHub\Core\Inc\main.h_save
2025-07-28 11:53:04,256 [INFO] CodeEngine:289 - Generated code: C:\Users\91916\Desktop\STM-IoTHub\STM-IoTHub\Core\Inc\main.h
2025-07-28 11:53:04,269 [INFO] CodeEngine:265 - oldGeneratedFile, C:\Users\91916\Desktop\STM-IoTHub\STM-IoTHub\Core\Src\main.c_save
2025-07-28 11:53:04,439 [INFO] CodeEngine:289 - Generated code: C:\Users\91916\Desktop\STM-IoTHub\STM-IoTHub\Core\Src\main.c
2025-07-28 11:53:05,429 [INFO] ProjectBuilder:3606 - Time for Copy HAL[1] : 621mS.
2025-07-28 11:53:05,438 [INFO] ProjectBuilder:5216 - Project Generator version: 4.7.0-B52
2025-07-28 11:53:05,536 [INFO] ConfigFileManager:1595 - The Die is : DIE421
2025-07-28 11:53:07,676 [INFO] ProjectBuilder:5496 - Time for Generating toolchain IDE Files: 2237mS.
2025-07-28 11:53:07,678 [INFO] ProjectBuilder:3463 - Time for Copy CMSIS : 2mS.
2025-07-28 11:53:07,693 [INFO] ProjectBuilder:3463 - Time for Copy CMSIS : 1mS.
2025-07-28 11:53:26,338 [INFO] WebApp:194 - Connection lost
2025-07-28 11:53:26,540 [INFO] WebApp:191 - Connection restablished
2025-07-28 11:53:49,843 [INFO] WebApp:194 - Connection lost
2025-07-28 11:53:50,058 [INFO] WebApp:191 - Connection restablished
2025-07-28 11:54:07,840 [INFO] WebApp:194 - Connection lost
2025-07-28 11:54:08,099 [INFO] WebApp:191 - Connection restablished
2025-07-28 12:00:32,831 [INFO] WebApp:194 - Connection lost
2025-07-28 12:00:33,117 [INFO] WebApp:191 - Connection restablished
2025-07-28 12:08:23,342 [INFO] WebApp:194 - Connection lost
2025-07-28 12:08:23,648 [INFO] WebApp:191 - Connection restablished
2025-07-28 12:09:11,339 [INFO] WebApp:194 - Connection lost
2025-07-28 12:09:11,551 [INFO] WebApp:191 - Connection restablished
2025-07-28 12:09:39,838 [INFO] WebApp:194 - Connection lost
2025-07-28 12:09:40,025 [INFO] WebApp:191 - Connection restablished
2025-07-28 12:09:57,844 [INFO] WebApp:194 - Connection lost
2025-07-28 12:09:58,058 [INFO] WebApp:191 - Connection restablished
2025-07-28 12:11:22,200 [INFO] WebApp:194 - Connection lost
2025-07-28 12:11:31,049 [INFO] WebApp:191 - Connection restablished
2025-07-28 12:13:02,989 [INFO] WebApp:194 - Connection lost
2025-07-28 12:13:11,587 [INFO] WebApp:191 - Connection restablished
2025-07-28 12:13:50,329 [INFO] WebApp:194 - Connection lost
2025-07-28 12:13:50,576 [INFO] WebApp:191 - Connection restablished
2025-07-28 12:14:42,329 [INFO] WebApp:194 - Connection lost
2025-07-28 12:14:42,637 [INFO] WebApp:191 - Connection restablished
2025-07-28 12:16:11,558 [INFO] WebApp:194 - Connection lost
2025-07-28 12:16:20,047 [INFO] WebApp:191 - Connection restablished
2025-07-28 12:16:56,850 [INFO] WebApp:194 - Connection lost
2025-07-28 12:16:57,064 [INFO] WebApp:191 - Connection restablished
2025-07-28 12:17:40,833 [INFO] WebApp:194 - Connection lost
2025-07-28 12:17:41,117 [INFO] WebApp:191 - Connection restablished
2025-07-28 12:18:49,987 [INFO] WebApp:194 - Connection lost
2025-07-28 12:18:59,573 [INFO] WebApp:191 - Connection restablished
2025-07-28 12:19:02,327 [INFO] WebApp:194 - Connection lost
2025-07-28 12:19:02,577 [INFO] WebApp:191 - Connection restablished
2025-07-28 12:19:29,336 [INFO] WebApp:194 - Connection lost
2025-07-28 12:19:29,501 [INFO] WebApp:191 - Connection restablished
2025-07-28 12:20:11,354 [INFO] WebApp:194 - Connection lost
2025-07-28 12:20:11,552 [INFO] WebApp:191 - Connection restablished
2025-07-28 12:21:21,827 [INFO] WebApp:194 - Connection lost
2025-07-28 12:21:22,039 [INFO] WebApp:191 - Connection restablished
2025-07-28 12:22:02,554 [INFO] WebApp:194 - Connection lost
2025-07-28 12:24:32,293 [INFO] WebApp:191 - Connection restablished
2025-07-28 12:24:35,602 [INFO] WebApp:194 - Connection lost
2025-07-28 12:24:48,678 [INFO] WebApp:191 - Connection restablished
2025-07-28 12:24:50,848 [INFO] WebApp:194 - Connection lost
2025-07-28 12:24:50,999 [INFO] WebApp:191 - Connection restablished
2025-07-28 12:26:11,329 [INFO] WebApp:194 - Connection lost
2025-07-28 12:26:11,526 [INFO] WebApp:191 - Connection restablished
2025-07-28 12:26:34,331 [INFO] WebApp:194 - Connection lost
2025-07-28 12:26:34,896 [INFO] WebApp:191 - Connection restablished
2025-07-28 12:26:42,328 [INFO] WebApp:194 - Connection lost
2025-07-28 12:26:42,477 [INFO] WebApp:191 - Connection restablished
2025-07-28 12:29:24,843 [INFO] WebApp:194 - Connection lost
2025-07-28 12:29:25,046 [INFO] WebApp:191 - Connection restablished
2025-07-28 12:31:26,836 [INFO] WebApp:194 - Connection lost
2025-07-28 12:31:27,319 [INFO] WebApp:191 - Connection restablished
2025-07-28 12:32:23,353 [INFO] WebApp:194 - Connection lost
2025-07-28 12:32:23,561 [INFO] WebApp:191 - Connection restablished
2025-07-28 12:35:33,844 [INFO] WebApp:194 - Connection lost
2025-07-28 12:35:34,793 [INFO] WebApp:191 - Connection restablished
2025-07-28 12:36:00,829 [INFO] WebApp:194 - Connection lost
2025-07-28 12:36:01,022 [INFO] WebApp:191 - Connection restablished
2025-07-28 12:36:28,836 [INFO] WebApp:194 - Connection lost
2025-07-28 12:36:29,286 [INFO] WebApp:191 - Connection restablished
2025-07-28 12:36:48,347 [INFO] WebApp:194 - Connection lost
2025-07-28 12:36:48,527 [INFO] WebApp:191 - Connection restablished
2025-07-28 12:37:23,831 [INFO] WebApp:194 - Connection lost
2025-07-28 12:37:24,040 [INFO] WebApp:191 - Connection restablished
2025-07-28 12:44:30,861 [INFO] WebApp:194 - Connection lost
2025-07-28 12:44:31,094 [INFO] WebApp:191 - Connection restablished
2025-07-28 12:44:57,349 [INFO] WebApp:194 - Connection lost
2025-07-28 12:44:57,536 [INFO] WebApp:191 - Connection restablished
2025-07-28 12:45:16,350 [INFO] WebApp:194 - Connection lost
2025-07-28 12:45:16,554 [INFO] WebApp:191 - Connection restablished
2025-07-28 12:45:40,847 [INFO] WebApp:194 - Connection lost
2025-07-28 12:45:41,232 [INFO] WebApp:191 - Connection restablished
2025-07-28 12:46:17,343 [INFO] WebApp:194 - Connection lost
2025-07-28 12:46:17,580 [INFO] WebApp:191 - Connection restablished
2025-07-28 12:46:48,827 [INFO] WebApp:194 - Connection lost
2025-07-28 12:46:49,051 [INFO] WebApp:191 - Connection restablished
2025-07-28 12:47:59,351 [INFO] WebApp:194 - Connection lost
2025-07-28 12:47:59,788 [INFO] WebApp:191 - Connection restablished
2025-07-28 12:49:05,842 [INFO] WebApp:194 - Connection lost
2025-07-28 12:49:06,051 [INFO] WebApp:191 - Connection restablished
2025-07-28 12:53:00,344 [INFO] WebApp:194 - Connection lost
2025-07-28 12:53:00,598 [INFO] WebApp:191 - Connection restablished
2025-07-28 12:53:16,358 [INFO] UtilMem:75 - End SaveConfig() Used Memory: 522000848 Bytes (715128832)
2025-07-28 12:53:17,871 [INFO] WebApp:194 - Connection lost
2025-07-28 12:53:21,289 [INFO] WebApp:191 - Connection restablished
2025-07-28 12:53:42,840 [INFO] WebApp:194 - Connection lost
2025-07-28 12:53:43,011 [INFO] WebApp:191 - Connection restablished
2025-07-28 12:54:06,334 [INFO] WebApp:194 - Connection lost
2025-07-28 12:54:06,590 [INFO] WebApp:191 - Connection restablished
2025-07-28 12:54:42,319 [INFO] WebApp:194 - Connection lost
2025-07-28 12:54:42,533 [INFO] WebApp:191 - Connection restablished
2025-07-28 12:55:12,357 [INFO] WebApp:194 - Connection lost
2025-07-28 12:55:12,635 [INFO] WebApp:191 - Connection restablished
2025-07-28 12:56:02,811 [INFO] WebApp:194 - Connection lost
2025-07-28 12:56:03,111 [INFO] WebApp:191 - Connection restablished
2025-07-28 13:15:15,330 [INFO] WebApp:194 - Connection lost
2025-07-28 13:15:15,544 [INFO] WebApp:191 - Connection restablished
2025-07-28 13:15:53,843 [INFO] WebApp:194 - Connection lost
2025-07-28 13:15:54,054 [INFO] WebApp:191 - Connection restablished
2025-07-28 13:16:37,344 [INFO] WebApp:194 - Connection lost
2025-07-28 13:16:37,564 [INFO] WebApp:191 - Connection restablished
2025-07-28 13:17:03,824 [INFO] WebApp:194 - Connection lost
2025-07-28 13:17:03,992 [INFO] WebApp:191 - Connection restablished
2025-07-28 13:18:24,345 [INFO] WebApp:194 - Connection lost
2025-07-28 13:18:24,606 [INFO] WebApp:191 - Connection restablished
2025-07-28 13:18:54,320 [INFO] WebApp:194 - Connection lost
2025-07-28 13:18:54,591 [INFO] WebApp:191 - Connection restablished
2025-07-28 13:20:49,846 [INFO] WebApp:194 - Connection lost
2025-07-28 13:20:50,051 [INFO] WebApp:191 - Connection restablished
2025-07-28 13:22:49,331 [INFO] WebApp:194 - Connection lost
2025-07-28 13:22:49,603 [INFO] WebApp:191 - Connection restablished
2025-07-28 13:23:21,333 [INFO] WebApp:194 - Connection lost
2025-07-28 13:23:21,596 [INFO] WebApp:191 - Connection restablished
2025-07-28 13:24:14,329 [INFO] WebApp:194 - Connection lost
2025-07-28 13:24:14,589 [INFO] WebApp:191 - Connection restablished
2025-07-28 13:24:50,828 [INFO] WebApp:194 - Connection lost
2025-07-28 13:24:51,048 [INFO] WebApp:191 - Connection restablished
2025-07-28 13:26:03,343 [INFO] WebApp:194 - Connection lost
2025-07-28 13:26:03,692 [INFO] WebApp:191 - Connection restablished
2025-07-28 13:26:54,339 [INFO] WebApp:194 - Connection lost
2025-07-28 13:26:54,660 [INFO] WebApp:191 - Connection restablished
2025-07-28 13:27:20,335 [INFO] WebApp:194 - Connection lost
2025-07-28 13:27:20,484 [INFO] WebApp:191 - Connection restablished
2025-07-28 13:28:02,839 [INFO] WebApp:194 - Connection lost
2025-07-28 13:28:03,045 [INFO] WebApp:191 - Connection restablished
2025-07-28 13:28:35,330 [INFO] WebApp:194 - Connection lost
2025-07-28 13:28:35,625 [INFO] WebApp:191 - Connection restablished
2025-07-28 13:54:02,003 [INFO] NvicIntPanel:101 - NVIC parent = com.st.microxplorer.plugins.ip.nvic.MultiNvicIntPanel[,0,0,453x131,layout=javax.swing.BoxLayout,alignmentX=0.0,alignmentY=0.0,border=,flags=9,maximumSize=,minimumSize=,preferredSize=]
2025-07-28 13:54:05,326 [INFO] WebApp:194 - Connection lost
2025-07-28 13:54:18,180 [INFO] WebApp:191 - Connection restablished
2025-07-28 13:55:16,335 [INFO] WebApp:194 - Connection lost
2025-07-28 13:55:26,079 [INFO] WebApp:191 - Connection restablished
2025-07-28 13:55:55,340 [INFO] WebApp:194 - Connection lost
2025-07-28 13:55:55,518 [INFO] WebApp:191 - Connection restablished
2025-07-28 13:56:41,344 [INFO] WebApp:194 - Connection lost
2025-07-28 13:56:41,611 [INFO] WebApp:191 - Connection restablished
2025-07-28 13:57:36,823 [INFO] WebApp:194 - Connection lost
2025-07-28 13:57:39,094 [INFO] WebApp:191 - Connection restablished
2025-07-28 13:58:16,851 [INFO] WebApp:194 - Connection lost
2025-07-28 13:58:17,120 [INFO] WebApp:191 - Connection restablished
2025-07-28 13:59:36,802 [INFO] WebApp:194 - Connection lost
2025-07-28 13:59:37,126 [INFO] WebApp:191 - Connection restablished
2025-07-28 14:00:23,352 [INFO] WebApp:194 - Connection lost
2025-07-28 14:00:23,636 [INFO] WebApp:191 - Connection restablished
2025-07-28 14:02:06,335 [INFO] WebApp:194 - Connection lost
2025-07-28 14:02:15,459 [INFO] WebApp:191 - Connection restablished
2025-07-28 14:03:36,848 [INFO] WebApp:194 - Connection lost
2025-07-28 14:03:44,077 [INFO] WebApp:191 - Connection restablished
2025-07-28 14:05:19,352 [INFO] WebApp:194 - Connection lost
2025-07-28 14:05:19,810 [INFO] WebApp:191 - Connection restablished
2025-07-28 14:05:52,328 [INFO] WebApp:194 - Connection lost
2025-07-28 14:05:52,787 [INFO] WebApp:191 - Connection restablished
2025-07-28 14:06:22,834 [INFO] WebApp:194 - Connection lost
2025-07-28 14:06:25,082 [INFO] WebApp:191 - Connection restablished
2025-07-28 14:07:17,338 [INFO] WebApp:194 - Connection lost
2025-07-28 14:07:27,389 [INFO] WebApp:191 - Connection restablished
2025-07-28 14:08:14,825 [INFO] WebApp:194 - Connection lost
2025-07-28 14:08:15,354 [INFO] WebApp:191 - Connection restablished
2025-07-28 14:10:26,342 [INFO] WebApp:194 - Connection lost
2025-07-28 14:10:30,448 [INFO] WebApp:191 - Connection restablished
2025-07-28 14:11:14,320 [INFO] WebApp:194 - Connection lost
2025-07-28 14:11:14,858 [INFO] WebApp:191 - Connection restablished
2025-07-28 14:12:06,387 [INFO] WebApp:194 - Connection lost
2025-07-28 14:12:17,812 [INFO] WebApp:191 - Connection restablished
2025-07-28 14:13:48,336 [INFO] WebApp:194 - Connection lost
2025-07-28 14:13:48,558 [INFO] WebApp:191 - Connection restablished
2025-07-28 14:14:22,833 [INFO] WebApp:194 - Connection lost
2025-07-28 14:14:23,041 [INFO] WebApp:191 - Connection restablished
2025-07-28 14:16:35,330 [INFO] WebApp:194 - Connection lost
2025-07-28 14:16:35,539 [INFO] WebApp:191 - Connection restablished
2025-07-28 14:17:10,893 [INFO] WebApp:194 - Connection lost
2025-07-28 14:22:01,978 [INFO] WebApp:191 - Connection restablished
2025-07-28 14:22:03,869 [INFO] WebApp:194 - Connection lost
2025-07-28 14:22:04,024 [INFO] WebApp:191 - Connection restablished
2025-07-28 14:22:06,971 [INFO] WebApp:194 - Connection lost
2025-07-28 14:22:20,882 [INFO] WebApp:191 - Connection restablished
2025-07-28 14:24:05,850 [INFO] WebApp:194 - Connection lost
2025-07-28 14:24:06,352 [INFO] WebApp:191 - Connection restablished
2025-07-28 14:25:25,964 [INFO] WebApp:194 - Connection lost
2025-07-28 14:25:36,253 [INFO] WebApp:191 - Connection restablished
2025-07-28 14:26:42,345 [INFO] WebApp:194 - Connection lost
2025-07-28 14:26:42,620 [INFO] WebApp:191 - Connection restablished
2025-07-28 14:27:47,316 [INFO] WebApp:194 - Connection lost
2025-07-28 14:27:47,642 [INFO] WebApp:191 - Connection restablished
2025-07-28 14:28:38,324 [INFO] WebApp:194 - Connection lost
2025-07-28 14:28:38,598 [INFO] WebApp:191 - Connection restablished
2025-07-28 14:29:05,836 [INFO] WebApp:194 - Connection lost
2025-07-28 14:29:06,065 [INFO] WebApp:191 - Connection restablished
2025-07-28 14:29:35,328 [INFO] WebApp:194 - Connection lost
2025-07-28 14:29:35,679 [INFO] WebApp:191 - Connection restablished
2025-07-28 14:31:23,845 [INFO] WebApp:194 - Connection lost
2025-07-28 14:31:24,076 [INFO] WebApp:191 - Connection restablished
2025-07-28 14:35:44,343 [INFO] WebApp:194 - Connection lost
2025-07-28 14:35:44,974 [INFO] WebApp:191 - Connection restablished
2025-07-28 14:36:23,347 [INFO] WebApp:194 - Connection lost
2025-07-28 14:36:23,550 [INFO] WebApp:191 - Connection restablished
2025-07-28 14:36:45,842 [INFO] WebApp:194 - Connection lost
2025-07-28 14:36:46,305 [INFO] WebApp:191 - Connection restablished
2025-07-28 14:37:44,310 [INFO] WebApp:194 - Connection lost
2025-07-28 14:37:44,960 [INFO] WebApp:191 - Connection restablished
2025-07-28 14:38:58,341 [INFO] WebApp:194 - Connection lost
2025-07-28 14:38:59,988 [INFO] WebApp:191 - Connection restablished
2025-07-28 14:42:26,858 [INFO] WebApp:194 - Connection lost
2025-07-28 14:42:27,240 [INFO] WebApp:191 - Connection restablished
2025-07-28 14:45:36,837 [INFO] WebApp:194 - Connection lost
2025-07-28 14:45:37,153 [INFO] WebApp:191 - Connection restablished
2025-07-28 14:50:41,844 [INFO] WebApp:194 - Connection lost
2025-07-28 14:50:42,676 [INFO] WebApp:191 - Connection restablished
2025-07-28 15:00:10,339 [INFO] WebApp:194 - Connection lost
2025-07-28 15:00:10,679 [INFO] WebApp:191 - Connection restablished
2025-07-28 15:00:36,830 [INFO] WebApp:194 - Connection lost
2025-07-28 15:00:37,011 [INFO] WebApp:191 - Connection restablished
2025-07-28 15:01:02,315 [INFO] WebApp:194 - Connection lost
2025-07-28 15:01:02,770 [INFO] WebApp:191 - Connection restablished
2025-07-28 15:01:42,346 [INFO] WebApp:194 - Connection lost
2025-07-28 15:01:43,055 [INFO] WebApp:191 - Connection restablished
2025-07-28 15:02:17,842 [INFO] WebApp:194 - Connection lost
2025-07-28 15:02:18,056 [INFO] WebApp:191 - Connection restablished
2025-07-28 15:02:56,335 [INFO] WebApp:194 - Connection lost
2025-07-28 15:02:56,621 [INFO] WebApp:191 - Connection restablished
2025-07-28 15:04:07,331 [INFO] WebApp:194 - Connection lost
2025-07-28 15:04:07,781 [INFO] WebApp:191 - Connection restablished
2025-07-28 15:05:24,807 [INFO] WebApp:194 - Connection lost
2025-07-28 15:05:25,096 [INFO] WebApp:191 - Connection restablished
2025-07-28 15:05:58,326 [INFO] WebApp:194 - Connection lost
2025-07-28 15:05:58,539 [INFO] WebApp:191 - Connection restablished
2025-07-28 15:06:13,331 [INFO] WebApp:194 - Connection lost
2025-07-28 15:06:13,646 [INFO] WebApp:191 - Connection restablished
2025-07-28 15:06:36,833 [INFO] WebApp:194 - Connection lost
2025-07-28 15:06:37,070 [INFO] WebApp:191 - Connection restablished
2025-07-28 15:06:57,843 [INFO] WebApp:194 - Connection lost
2025-07-28 15:07:44,538 [INFO] WebApp:191 - Connection restablished
2025-07-28 15:09:49,844 [INFO] WebApp:194 - Connection lost
2025-07-28 15:09:50,150 [INFO] WebApp:191 - Connection restablished
2025-07-28 15:10:38,338 [INFO] WebApp:194 - Connection lost
2025-07-28 15:10:38,565 [INFO] WebApp:191 - Connection restablished
2025-07-28 15:11:05,830 [INFO] WebApp:194 - Connection lost
2025-07-28 15:11:06,023 [INFO] WebApp:191 - Connection restablished
2025-07-28 15:13:26,338 [INFO] WebApp:194 - Connection lost
2025-07-28 15:13:26,598 [INFO] WebApp:191 - Connection restablished
